# JRE version: OpenJDK Runtime Environment Temurin-21.0.4+7 (21.0.4+7) (build 21.0.4+7-LTS)
# Java VM: OpenJDK 64-Bit Server VM Temurin-21.0.4+7 (21.0.4+7-LTS, mixed mode, sharing, tiered, compressed oops, compressed class ptrs, g1 gc, linux-amd64)
Heap:
 garbage-first heap   total 437248K, used 168367K [0x0000000087600000, 0x0000000100000000)
  region size 1024K, 27 young (27648K), 0 survivors (0K)
 Metaspace       used 15482K, committed 15872K, reserved 1114112K
  class space    used 1302K, committed 1472K, reserved 1048576K
GC Heap History (20 events):
Event: 4074.819 GC heap before
{Heap before GC invocations=525 (full 86):
 garbage-first heap   total 598016K, used 597582K [0x0000000087600000, 0x0000000100000000)
  region size 1024K, 22 young (22528K), 4 survivors (4096K)
 Metaspace       used 15479K, committed 15872K, reserved 1114112K
  class space    used 1302K, committed 1472K, reserved 1048576K
}
Event: 4074.824 GC heap after
{Heap after GC invocations=526 (full 86):
 garbage-first heap   total 604160K, used 130703K [0x0000000087600000, 0x0000000100000000)
  region size 1024K, 5 young (5120K), 5 survivors (5120K)
 Metaspace       used 15479K, committed 15872K, reserved 1114112K
  class space    used 1302K, committed 1472K, reserved 1048576K
}
Event: 4074.830 GC heap before
{Heap before GC invocations=526 (full 86):
 garbage-first heap   total 604160K, used 131727K [0x0000000087600000, 0x0000000100000000)
  region size 1024K, 7 young (7168K), 5 survivors (5120K)
 Metaspace       used 15479K, committed 15872K, reserved 1114112K
  class space    used 1302K, committed 1472K, reserved 1048576K
}
Event: 4074.832 GC heap after
{Heap after GC invocations=527 (full 86):
 garbage-first heap   total 604160K, used 130476K [0x0000000087600000, 0x0000000100000000)
  region size 1024K, 4 young (4096K), 4 survivors (4096K)
 Metaspace       used 15479K, committed 15872K, reserved 1114112K
  class space    used 1302K, committed 1472K, reserved 1048576K
}
Event: 4077.949 GC heap before
{Heap before GC invocations=528 (full 86):
 garbage-first heap   total 565248K, used 564652K [0x0000000087600000, 0x0000000100000000)
  region size 1024K, 20 young (20480K), 4 survivors (4096K)
 Metaspace       used 15479K, committed 15872K, reserved 1114112K
  class space    used 1302K, committed 1472K, reserved 1048576K
}
Event: 4077.952 GC heap after
{Heap after GC invocations=529 (full 86):
 garbage-first heap   total 570368K, used 130946K [0x0000000087600000, 0x0000000100000000)
  region size 1024K, 5 young (5120K), 5 survivors (5120K)
 Metaspace       used 15479K, committed 15872K, reserved 1114112K
  class space    used 1302K, committed 1472K, reserved 1048576K
}
Event: 4081.722 GC heap before
{Heap before GC invocations=529 (full 86):
 garbage-first heap   total 646144K, used 644994K [0x0000000087600000, 0x0000000100000000)
  region size 1024K, 27 young (27648K), 5 survivors (5120K)
 Metaspace       used 15479K, committed 15872K, reserved 1114112K
  class space    used 1302K, committed 1472K, reserved 1048576K
}
Event: 4081.727 GC heap after
{Heap after GC invocations=530 (full 86):
 garbage-first heap   total 652288K, used 133006K [0x0000000087600000, 0x0000000100000000)
  region size 1024K, 5 young (5120K), 5 survivors (5120K)
 Metaspace       used 15479K, committed 15872K, reserved 1114112K
  class space    used 1302K, committed 1472K, reserved 1048576K
}
Event: 4081.733 GC heap before
{Heap before GC invocations=530 (full 86):
 garbage-first heap   total 652288K, used 134030K [0x0000000087600000, 0x0000000100000000)
  region size 1024K, 7 young (7168K), 5 survivors (5120K)
 Metaspace       used 15479K, committed 15872K, reserved 1114112K
  class space    used 1302K, committed 1472K, reserved 1048576K
}
Event: 4081.735 GC heap after
{Heap after GC invocations=531 (full 86):
 garbage-first heap   total 652288K, used 130919K [0x0000000087600000, 0x0000000100000000)
  region size 1024K, 5 young (5120K), 5 survivors (5120K)
 Metaspace       used 15479K, committed 15872K, reserved 1114112K
  class space    used 1302K, committed 1472K, reserved 1048576K
}
Event: 4082.101 GC heap before
{Heap before GC invocations=532 (full 86):
 garbage-first heap   total 447488K, used 178023K [0x0000000087600000, 0x0000000100000000)
  region size 1024K, 8 young (8192K), 5 survivors (5120K)
 Metaspace       used 15479K, committed 15872K, reserved 1114112K
  class space    used 1302K, committed 1472K, reserved 1048576K
}
Event: 4082.114 GC heap after
{Heap after GC invocations=533 (full 87):
 garbage-first heap   total 437248K, used 128657K [0x0000000087600000, 0x0000000100000000)
  region size 1024K, 0 young (0K), 0 survivors (0K)
 Metaspace       used 15479K, committed 15872K, reserved 1114112K
  class space    used 1302K, committed 1472K, reserved 1048576K
}
Event: 4082.115 GC heap before
{Heap before GC invocations=533 (full 87):
 garbage-first heap   total 437248K, used 128657K [0x0000000087600000, 0x0000000100000000)
  region size 1024K, 1 young (1024K), 0 survivors (0K)
 Metaspace       used 15479K, committed 15872K, reserved 1114112K
  class space    used 1302K, committed 1472K, reserved 1048576K
}
Event: 4082.116 GC heap after
{Heap after GC invocations=534 (full 87):
 garbage-first heap   total 437248K, used 128668K [0x0000000087600000, 0x0000000100000000)
  region size 1024K, 1 young (1024K), 1 survivors (1024K)
 Metaspace       used 15479K, committed 15872K, reserved 1114112K
  class space    used 1302K, committed 1472K, reserved 1048576K
}
Event: 4082.627 GC heap before
{Heap before GC invocations=535 (full 87):
 garbage-first heap   total 437248K, used 183964K [0x0000000087600000, 0x0000000100000000)
  region size 1024K, 16 young (16384K), 1 survivors (1024K)
 Metaspace       used 15480K, committed 15872K, reserved 1114112K
  class space    used 1302K, committed 1472K, reserved 1048576K
}
Event: 4082.637 GC heap after
{Heap after GC invocations=536 (full 88):
 garbage-first heap   total 437248K, used 141079K [0x0000000087600000, 0x0000000100000000)
  region size 1024K, 0 young (0K), 0 survivors (0K)
 Metaspace       used 15480K, committed 15872K, reserved 1114112K
  class space    used 1302K, committed 1472K, reserved 1048576K
}
Event: 4082.637 GC heap before
{Heap before GC invocations=536 (full 88):
 garbage-first heap   total 437248K, used 141079K [0x0000000087600000, 0x0000000100000000)
  region size 1024K, 1 young (1024K), 0 survivors (0K)
 Metaspace       used 15480K, committed 15872K, reserved 1114112K
  class space    used 1302K, committed 1472K, reserved 1048576K
}
Event: 4082.638 GC heap after
{Heap after GC invocations=537 (full 88):
 garbage-first heap   total 437248K, used 141083K [0x0000000087600000, 0x0000000100000000)
  region size 1024K, 1 young (1024K), 1 survivors (1024K)
 Metaspace       used 15480K, committed 15872K, reserved 1114112K
  class space    used 1302K, committed 1472K, reserved 1048576K
}
Event: 5579.893 GC heap before
{Heap before GC invocations=538 (full 88):
 garbage-first heap   total 437248K, used 175899K [0x0000000087600000, 0x0000000100000000)
  region size 1024K, 32 young (32768K), 1 survivors (1024K)
 Metaspace       used 15480K, committed 15872K, reserved 1114112K
  class space    used 1302K, committed 1472K, reserved 1048576K
}
Event: 5579.929 GC heap after
{Heap after GC invocations=539 (full 89):
 garbage-first heap   total 437248K, used 141077K [0x0000000087600000, 0x0000000100000000)
  region size 1024K, 0 young (0K), 0 survivors (0K)
 Metaspace       used 15480K, committed 15872K, reserved 1114112K
  class space    used 1302K, committed 1472K, reserved 1048576K
}

